<?xml version="1.0" encoding="UTF-8"?>
<!-- Generated by org.testng.reporters.JUnitReportReporter -->
<testsuite hostname="Cheryl" failures="0" tests="1" name="com.obsqura.pages.AlertAccept" time="8.734" errors="0" timestamp="2023-01-02T20:56:18 IST" skipped="0">
  <testcase classname="com.obsqura.pages.AlertAccept" name="alertClick" time="8.734"/>
  <system-out/>
</testsuite> <!-- com.obsqura.pages.AlertAccept -->
