<?xml version="1.0" encoding="UTF-8"?>
<!-- Generated by org.testng.reporters.JUnitReportReporter -->
<testsuite hostname="Cheryl" failures="0" tests="3" name="com.obsqura.testscripts.SendEmailTest" time="105.777" errors="0" timestamp="2023-02-23T19:30:20 IST" skipped="0">
  <testcase classname="com.obsqura.testscripts.SendEmailTest" name="clickSendEmailTest" time="19.286"/>
  <system-out/>
  <testcase classname="com.obsqura.testscripts.SendEmailTest" name="clickSendEmailWithoutSubjectFieldTest" time="70.718"/>
  <system-out/>
  <testcase classname="com.obsqura.testscripts.SendEmailTest" name="clickSendEmailWithoutmailContentTest" time="15.773"/>
  <system-out/>
</testsuite> <!-- com.obsqura.testscripts.SendEmailTest -->
