<?xml version="1.0" encoding="UTF-8"?>
<!-- Generated by org.testng.reporters.JUnitReportReporter -->
<testsuite hostname="Cheryl" failures="0" tests="5" name="com.obsqura.testscripts.LoginTest" time="36.465" errors="0" timestamp="2023-02-23T19:30:20 IST" skipped="0">
  <testcase classname="com.obsqura.testscripts.LoginTest" name="Checklogout" time="8.667"/>
  <system-out/>
  <testcase classname="com.obsqura.testscripts.LoginTest" name="CheckloginwithWrongUserName" time="7.381"/>
  <system-out/>
  <testcase classname="com.obsqura.testscripts.LoginTest" name="forgotPasswordTest" time="6.325"/>
  <system-out/>
  <testcase classname="com.obsqura.testscripts.LoginTest" name="CheckloginwithWrongPassWord" time="6.444"/>
  <system-out/>
  <testcase classname="com.obsqura.testscripts.LoginTest" name="login" time="7.648"/>
  <system-out/>
</testsuite> <!-- com.obsqura.testscripts.LoginTest -->
