<?xml version="1.0" encoding="UTF-8"?>
<!-- Generated by org.testng.reporters.JUnitReportReporter -->
<testsuite hostname="Cheryl" failures="0" tests="1" name="com.obsqura.ProjectServiceManagement.Base" time="10.747" errors="0" timestamp="2023-01-09T22:05:53 IST" skipped="0">
  <testcase classname="com.obsqura.ProjectServiceManagement.Base" name="browserClose" time="10.747"/>
  <system-out/>
</testsuite> <!-- com.obsqura.ProjectServiceManagement.Base -->
